\BOOKMARK [1][-]{section.1}{\376\377\000M\000o\000t\000i\000v\000a\000t\000i\000o\000n\000\040\000a\000n\000d\000\040\000p\000r\000i\000o\000r\000\040\000w\000o\000r\000k}{}% 1
\BOOKMARK [1][-]{section.2}{\376\377\000P\000r\000e\000l\000i\000m\000i\000n\000a\000r\000i\000e\000s}{}% 2
\BOOKMARK [2][-]{subsection.2.1}{\376\377\000p\000-\000a\000d\000i\000c\000\040\000i\000n\000t\000e\000g\000e\000r\000s\000\040\000a\000n\000d\000\040\000n\000o\000r\000m\000s}{section.2}% 3
\BOOKMARK [1][-]{section.3}{\376\377\000A\000\040\000g\000e\000n\000e\000r\000a\000l\000\040\000a\000l\000l\000-\000d\000i\000f\000f\000e\000r\000e\000n\000t\000\040\000r\000e\000g\000r\000e\000s\000s\000i\000o\000n\000\040\000t\000e\000m\000p\000l\000a\000t\000e}{}% 4
\BOOKMARK [1][-]{section.4}{\376\377\000S\000u\000d\000o\000k\000u\000\040\000a\000s\000\040\000a\000\040\000s\000p\000e\000c\000i\000a\000l\000\040\000c\000a\000s\000e}{}% 5
\BOOKMARK [2][-]{subsection.4.1}{\376\377\000S\000u\000d\000o\000k\000u}{section.4}% 6
\BOOKMARK [2][-]{subsection.4.2}{\376\377\000P\000o\000s\000i\000t\000i\000v\000e\000\040\000r\000e\000g\000u\000l\000a\000r\000i\000s\000a\000t\000i\000o\000n\000:\000\040\000s\000n\000a\000p\000p\000i\000n\000g\000\040\000c\000o\000e\000f\000f\000i\000c\000i\000e\000n\000t\000s\000\040\000t\000o\000\040\000d\000i\000g\000i\000t\000s}{section.4}% 7
\BOOKMARK [2][-]{subsection.4.3}{\376\377\000N\000e\000g\000a\000t\000i\000v\000e\000\040\000r\000e\000g\000u\000l\000a\000r\000i\000s\000a\000t\000i\000o\000n\000:\000\040\000r\000e\000w\000a\000r\000d\000i\000n\000g\000\040\000i\000n\000e\000q\000u\000a\000l\000i\000t\000y\000\040\000v\000i\000a\000\040\000p\000-\000a\000d\000i\000c\000\040\000n\000o\000r\000m\000s}{section.4}% 8
\BOOKMARK [2][-]{subsection.4.4}{\376\377\000E\000x\000p\000a\000n\000d\000e\000d\000\040\000r\000e\000g\000r\000e\000s\000s\000i\000o\000n\000\040\000o\000b\000j\000e\000c\000t\000i\000v\000e}{section.4}% 9
\BOOKMARK [1][-]{section.5}{\376\377\000A\000\040\000s\000t\000e\000p\000w\000i\000s\000e\000/\000c\000o\000o\000r\000d\000i\000n\000a\000t\000e\000-\000d\000e\000s\000c\000e\000n\000t\000\040\000h\000e\000u\000r\000i\000s\000t\000i\000c}{}% 10
\BOOKMARK [2][-]{subsection.5.1}{\376\377\000A\000\040\000s\000h\000o\000r\000t\000\040\000t\000r\000a\000c\000e\000\040\000o\000n\000\040\000a\000\040\000s\000t\000a\000n\000d\000a\000r\000d\000\040\000p\000u\000z\000z\000l\000e}{section.5}% 11
\BOOKMARK [1][-]{section.6}{\376\377\000A\000\040\000Z\000u\000b\000a\000r\000e\000v\000-\000s\000t\000y\000l\000e\000\040\000s\000t\000o\000c\000h\000a\000s\000t\000i\000c\000\040\000w\000a\000l\000k}{}% 12
\BOOKMARK [2][-]{subsection.6.1}{\376\377\000Z\000u\000b\000a\000r\000e\000v\000'\000s\000\040\000p\000r\000o\000p\000o\000s\000a\000l\000\040\000i\000n\000\040\000t\000h\000e\000\040\000r\000e\000g\000r\000e\000s\000s\000i\000o\000n\000\040\000s\000e\000t\000t\000i\000n\000g}{section.6}% 13
\BOOKMARK [2][-]{subsection.6.2}{\376\377\000A\000\040\000d\000i\000s\000c\000r\000e\000t\000e\000\040\000S\000u\000d\000o\000k\000u\000\040\000a\000n\000a\000l\000o\000g\000u\000e}{section.6}% 14
\BOOKMARK [2][-]{subsection.6.3}{\376\377\000A\000\040\000s\000h\000o\000r\000t\000\040\000t\000r\000a\000c\000e\000\040\000o\000n\000\040\000t\000h\000e\000\040\000s\000t\000a\000n\000d\000a\000r\000d\000\040\000p\000u\000z\000z\000l\000e}{section.6}% 15
\BOOKMARK [1][-]{section.7}{\376\377\000E\000x\000p\000e\000r\000i\000m\000e\000n\000t\000s}{}% 16
\BOOKMARK [2][-]{subsection.7.1}{\376\377\000E\000x\000p\000e\000r\000i\000m\000e\000n\000t\000a\000l\000\040\000s\000e\000t\000u\000p}{section.7}% 17
\BOOKMARK [2][-]{subsection.7.2}{\376\377\000R\000e\000s\000u\000l\000t\000s}{section.7}% 18
\BOOKMARK [1][-]{section.8}{\376\377\000C\000o\000m\000p\000a\000r\000e\000d\000\040\000w\000i\000t\000h\000\040\000S\000A\000T\000/\000C\000S\000P\000\040\000e\000n\000c\000o\000d\000i\000n\000g\000s}{}% 19
\BOOKMARK [1][-]{section.9}{\376\377\000D\000i\000s\000c\000u\000s\000s\000i\000o\000n\000\040\000a\000n\000d\000\040\000e\000x\000t\000e\000n\000s\000i\000o\000n\000s}{}% 20
\BOOKMARK [2][-]{subsection.9.1}{\376\377\000A\000n\000\040\000a\000l\000t\000e\000r\000n\000a\000t\000i\000v\000e\000\040\000s\000p\000a\000r\000s\000e\000\040\000e\000n\000c\000o\000d\000i\000n\000g\000:\000\040\000p\000o\000w\000e\000r\000s\000-\000o\000f\000-\000t\000w\000o\000\040\000s\000u\000m\000\040\000c\000o\000n\000s\000t\000r\000a\000i\000n\000t\000s\000\040\000\050\000a\000r\000c\000h\000i\000v\000e\000d\000\051}{section.9}% 21
\BOOKMARK [1][-]{section.10}{\376\377\000C\000o\000n\000c\000l\000u\000s\000i\000o\000n}{}% 22
